<?xml version="1.0" encoding="UTF-8"?><testsuite errors="0" failures="1" name="Select flights in travelocity" skipped="0" tests="1" time="70.89" timestamp="2021-04-12 10:36:02"><testcase name="Selecting the round trip"><failure message="Expected enabled element was not enabled" type="net.thucydides.core.webdriver.exceptions.ElementShouldBeEnabledException">Expected enabled element was not enabled</failure><system-err>Expected enabled element was not enabled&#13;
com.devco.travelocity.tasks.flights.SelectRoundFlights.performAs(SelectRoundFlights.java:58)&#13;
com.devco.travelocity.stepdefinitions.SearchFlightStepDefinitions.heSelectedTheShortestFlights(SearchFlightStepDefinitions.java:67)&#13;
cucumber.runner.Runner.runPickle(Runner.java:80)&#13;
</system-err></testcase></testsuite>