<?xml version="1.0" encoding="UTF-8"?><testsuite errors="0" failures="1" name="Select the cheapest flight in travelocity" skipped="0" tests="3" time="176.99" timestamp="2021-04-11 10:28:51"><testcase name="Selecting the cheapest flight"><failure message="Expected enabled element was not enabled" type="net.thucydides.core.webdriver.exceptions.ElementShouldBeEnabledException">Expected enabled element was not enabled</failure><system-err>Expected enabled element was not enabled&#13;
com.devco.travelocity.tasks.SelectFlight.performAs(SelectFlight.java:25)&#13;
com.devco.travelocity.stepdefinitions.SearchFlightStepDefinitions.heWantTheCheapestFlightTicket(SearchFlightStepDefinitions.java:39)&#13;
cucumber.runner.Runner.runPickle(Runner.java:80)&#13;
</system-err></testcase></testsuite>